<?xml version="1.0" encoding="UTF-8"?>
<testsuite name="com.example.task01.Tests" tests="3" skipped="0" failures="0" errors="0" timestamp="2023-03-25T12:19:01" hostname="MacBook-Air-Ila.local" time="0.145">
  <properties/>
  <testcase name="test3724" classname="com.example.task01.Tests" time="0.075"/>
  <testcase name="test3726" classname="com.example.task01.Tests" time="0.036"/>
  <testcase name="test3727" classname="com.example.task01.Tests" time="0.033"/>
  <system-out><![CDATA[]]></system-out>
  <system-err><![CDATA[]]></system-err>
</testsuite>
