<?xml version="1.0" encoding="UTF-8"?>
<testsuite name="com.example.task01.Tests" tests="3" skipped="0" failures="0" errors="0" timestamp="2022-11-20T16:22:37" hostname="by-Onyx" time="0.578">
  <properties/>
  <testcase name="test3724" classname="com.example.task01.Tests" time="0.423"/>
  <testcase name="test3726" classname="com.example.task01.Tests" time="0.073"/>
  <testcase name="test3727" classname="com.example.task01.Tests" time="0.082"/>
  <system-out><![CDATA[]]></system-out>
  <system-err><![CDATA[]]></system-err>
</testsuite>
