<?xml version="1.0" encoding="UTF-8"?>
<testsuite name="com.example.task01.Tests" tests="3" skipped="0" failures="0" errors="0" timestamp="2022-12-04T16:02:35" hostname="Админ-ПК" time="0.401">
  <properties/>
  <testcase name="test3724" classname="com.example.task01.Tests" time="0.256"/>
  <testcase name="test3726" classname="com.example.task01.Tests" time="0.072"/>
  <testcase name="test3727" classname="com.example.task01.Tests" time="0.071"/>
  <system-out><![CDATA[]]></system-out>
  <system-err><![CDATA[]]></system-err>
</testsuite>
