<?xml version="1.0" encoding="UTF-8"?>
<testsuite name="com.example.task01.Tests" tests="3" skipped="0" failures="0" errors="0" timestamp="2022-12-04T18:32:33" hostname="ashpil" time="3.343">
  <properties/>
  <testcase name="test3724" classname="com.example.task01.Tests" time="3.262"/>
  <testcase name="test3726" classname="com.example.task01.Tests" time="0.041"/>
  <testcase name="test3727" classname="com.example.task01.Tests" time="0.04"/>
  <system-out><![CDATA[]]></system-out>
  <system-err><![CDATA[]]></system-err>
</testsuite>
