<?xml version="1.0" encoding="UTF-8"?>
<testsuite name="com.example.task01.Tests" tests="3" skipped="0" failures="0" errors="0" timestamp="2022-11-18T17:05:41" hostname="WIN-2C2HGV94VI1" time="0.26">
  <properties/>
  <testcase name="test3724" classname="com.example.task01.Tests" time="0.159"/>
  <testcase name="test3726" classname="com.example.task01.Tests" time="0.05"/>
  <testcase name="test3727" classname="com.example.task01.Tests" time="0.05"/>
  <system-out><![CDATA[]]></system-out>
  <system-err><![CDATA[]]></system-err>
</testsuite>
