<?xml version="1.0" encoding="UTF-8"?>
<testsuite name="com.example.task01.Tests" tests="3" skipped="0" failures="0" errors="0" timestamp="2022-09-25T14:06:47" hostname="DESKTOP-SPSS5I2" time="0.168">
  <properties/>
  <testcase name="test3724" classname="com.example.task01.Tests" time="0.08"/>
  <testcase name="test3726" classname="com.example.task01.Tests" time="0.044"/>
  <testcase name="test3727" classname="com.example.task01.Tests" time="0.042"/>
  <system-out><![CDATA[]]></system-out>
  <system-err><![CDATA[]]></system-err>
</testsuite>
