<?xml version="1.0" encoding="UTF-8"?>
<testsuite name="com.example.task02.Tests" tests="3" skipped="0" failures="0" errors="0" timestamp="2022-11-20T16:15:47" hostname="by-Onyx" time="0.195">
  <properties/>
  <testcase name="testRoot" classname="com.example.task02.Tests" time="0.191"/>
  <testcase name="testA" classname="com.example.task02.Tests" time="0.002"/>
  <testcase name="testE" classname="com.example.task02.Tests" time="0.002"/>
  <system-out><![CDATA[]]></system-out>
  <system-err><![CDATA[]]></system-err>
</testsuite>
