<?xml version="1.0" encoding="UTF-8"?>
<testsuite name="com.example.task02.Tests" tests="3" skipped="0" failures="0" errors="0" timestamp="2022-11-18T17:05:30" hostname="WIN-2C2HGV94VI1" time="0.174">
  <properties/>
  <testcase name="testRoot" classname="com.example.task02.Tests" time="0.172"/>
  <testcase name="testA" classname="com.example.task02.Tests" time="0.001"/>
  <testcase name="testE" classname="com.example.task02.Tests" time="0.0"/>
  <system-out><![CDATA[]]></system-out>
  <system-err><![CDATA[]]></system-err>
</testsuite>
