<?xml version="1.0" encoding="UTF-8"?>
<testsuite name="com.example.task02.Tests" tests="3" skipped="0" failures="0" errors="0" timestamp="2022-12-04T17:02:29" hostname="Админ-ПК" time="0.547">
  <properties/>
  <testcase name="testRoot" classname="com.example.task02.Tests" time="0.544"/>
  <testcase name="testA" classname="com.example.task02.Tests" time="0.0"/>
  <testcase name="testE" classname="com.example.task02.Tests" time="0.001"/>
  <system-out><![CDATA[]]></system-out>
  <system-err><![CDATA[]]></system-err>
</testsuite>
