<?xml version="1.0" encoding="UTF-8"?>
<testsuite name="com.example.task02.Tests" tests="3" skipped="0" failures="0" errors="0" timestamp="2022-11-20T16:31:06" hostname="GoshaNote" time="0.088">
  <properties/>
  <testcase name="testRoot" classname="com.example.task02.Tests" time="0.081"/>
  <testcase name="testA" classname="com.example.task02.Tests" time="0.002"/>
  <testcase name="testE" classname="com.example.task02.Tests" time="0.004"/>
  <system-out><![CDATA[]]></system-out>
  <system-err><![CDATA[]]></system-err>
</testsuite>
