<?xml version="1.0" encoding="UTF-8"?>
<testsuite name="com.example.task02.Tests" tests="1" skipped="0" failures="0" errors="0" timestamp="2022-09-22T10:36:38" hostname="MacBook-Pro-Sena.local" time="0.057">
  <properties/>
  <testcase name="testRoot" classname="com.example.task02.Tests" time="0.057"/>
  <system-out><![CDATA[]]></system-out>
  <system-err><![CDATA[]]></system-err>
</testsuite>
