<?xml version="1.0" encoding="UTF-8"?>
<testsuite name="com.example.task02.Tests" tests="3" skipped="0" failures="0" errors="0" timestamp="2022-12-04T11:51:51" hostname="DESKTOP-CHHPD95" time="0.052">
  <properties/>
  <testcase name="testRoot" classname="com.example.task02.Tests" time="0.051"/>
  <testcase name="testA" classname="com.example.task02.Tests" time="0.001"/>
  <testcase name="testE" classname="com.example.task02.Tests" time="0.0"/>
  <system-out><![CDATA[]]></system-out>
  <system-err><![CDATA[]]></system-err>
</testsuite>
