<?xml version="1.0" encoding="UTF-8"?>
<testsuite name="com.example.task03.Tests" tests="1" skipped="0" failures="0" errors="0" timestamp="2022-09-22T10:58:18" hostname="MacBook-Pro-Sena.local" time="0.133">
  <properties/>
  <testcase name="test" classname="com.example.task03.Tests" time="0.133"/>
  <system-out><![CDATA[]]></system-out>
  <system-err><![CDATA[]]></system-err>
</testsuite>
