<?xml version="1.0" encoding="UTF-8"?>
<testsuite name="com.example.task03.Tests" tests="1" skipped="0" failures="0" errors="0" timestamp="2023-03-26T09:56:49" hostname="MacBook-Air-Ila.local" time="0.231">
  <properties/>
  <testcase name="test" classname="com.example.task03.Tests" time="0.231"/>
  <system-out><![CDATA[]]></system-out>
  <system-err><![CDATA[]]></system-err>
</testsuite>
