<?xml version="1.0" encoding="UTF-8"?>
<testsuite name="com.example.task03.Tests" tests="1" skipped="0" failures="0" errors="0" timestamp="2022-12-04T17:20:12" hostname="Админ-ПК" time="0.915">
  <properties/>
  <testcase name="test" classname="com.example.task03.Tests" time="0.915"/>
  <system-out><![CDATA[]]></system-out>
  <system-err><![CDATA[]]></system-err>
</testsuite>
