<?xml version="1.0" encoding="UTF-8"?>
<testsuite name="com.example.task03.Tests" tests="1" skipped="0" failures="0" errors="0" timestamp="2022-12-03T15:26:41" hostname="DESKTOP-1QO41DK" time="0.155">
  <properties/>
  <testcase name="test" classname="com.example.task03.Tests" time="0.155"/>
  <system-out><![CDATA[]]></system-out>
  <system-err><![CDATA[]]></system-err>
</testsuite>
